[p.w3layouts.com/demos/28-03-2016/shoppy/web/maps.html]
[backblue.gif]
[fade.gif]
[index.html]
[p.w3layouts.com/demos/28-03-2016/shoppy/web/css/bootstrap.css]
[p.w3layouts.com/demos/28-03-2016/shoppy/web/css/style.css]
[p.w3layouts.com/demos/28-03-2016/shoppy/web/js/jquery-2.1.1.min.js]
[p.w3layouts.com/demos/28-03-2016/shoppy/web/css/font-awesome.css]
[p.w3layouts.com/demos/28-03-2016/shoppy/web/css/examples.css]
[ajax.googleapis.com/ajax/libs/jquery/1.10.2/jquery.min.js]
[p.w3layouts.com/demos/28-03-2016/shoppy/web/js/gmaps.js]
[m.servedby-buysellads.com/monetization.js]
[p.w3layouts.com/js/autotrack.js]
[p.w3layouts.com/images/demobar_w3_4thDec2019.css]
[p.w3layouts.com/demos/28-03-2016/shoppy/web/index.html]
[p.w3layouts.com/demos/28-03-2016/shoppy/web/images/p4.png]
[p.w3layouts.com/demos/28-03-2016/shoppy/web/images/p2.png]
[p.w3layouts.com/demos/28-03-2016/shoppy/web/images/p3.png]
[p.w3layouts.com/demos/28-03-2016/shoppy/web/images/p5.png]
[p.w3layouts.com/demos/28-03-2016/shoppy/web/images/p6.png]
[p.w3layouts.com/demos/28-03-2016/shoppy/web/images/p7.png]
[p.w3layouts.com/demos/28-03-2016/shoppy/web/images/p1.png]
[p.w3layouts.com/demos/28-03-2016/shoppy/web/grids.html]
[p.w3layouts.com/demos/28-03-2016/shoppy/web/portlet.html]
[p.w3layouts.com/demos/28-03-2016/shoppy/web/buttons.html]
[p.w3layouts.com/demos/28-03-2016/shoppy/web/typography.html]
[p.w3layouts.com/demos/28-03-2016/shoppy/web/icons.html]
[p.w3layouts.com/demos/28-03-2016/shoppy/web/login.html]
[p.w3layouts.com/demos/28-03-2016/shoppy/web/signup.html]
[p.w3layouts.com/demos/28-03-2016/shoppy/web/charts.html]
[p.w3layouts.com/demos/28-03-2016/shoppy/web/inbox.html]
[p.w3layouts.com/demos/28-03-2016/shoppy/web/inbox-details.html]
[p.w3layouts.com/demos/28-03-2016/shoppy/web/404.html]
[p.w3layouts.com/demos/28-03-2016/shoppy/web/blank.html]
[p.w3layouts.com/demos/28-03-2016/shoppy/web/product.html]
[p.w3layouts.com/demos/28-03-2016/shoppy/web/price.html]
[p.w3layouts.com/demos/28-03-2016/shoppy/web/js/jquery.nicescroll.js]
[p.w3layouts.com/demos/28-03-2016/shoppy/web/js/scripts.js]
[p.w3layouts.com/demos/28-03-2016/shoppy/web/maps.html]
[p.w3layouts.com/demos/28-03-2016/shoppy/web/js/bootstrap.js]
[p.w3layouts.com/demos/28-03-2016/shoppy/web/fonts/glyphicons-halflings-regular.eot]
[p.w3layouts.com/demos/28-03-2016/shoppy/web/fonts/glyphicons-halflings-regulard41d.eot]
[p.w3layouts.com/demos/28-03-2016/shoppy/web/fonts/glyphicons-halflings-regular.woff2]
[p.w3layouts.com/demos/28-03-2016/shoppy/web/fonts/glyphicons-halflings-regular.woff]
[p.w3layouts.com/demos/28-03-2016/shoppy/web/fonts/glyphicons-halflings-regular.ttf]
[p.w3layouts.com/demos/28-03-2016/shoppy/web/css/bootstrap.css]
[p.w3layouts.com/demos/28-03-2016/shoppy/web/fonts/glyphicons-halflings-regular.svg]
[p.w3layouts.com/demos/28-03-2016/shoppy/web/images/search.png]
[p.w3layouts.com/demos/28-03-2016/shoppy/web/images/1.jpg]
[p.w3layouts.com/demos/28-03-2016/shoppy/web/images/b3.png]
[p.w3layouts.com/demos/28-03-2016/shoppy/web/images/climate.jpg]
[p.w3layouts.com/demos/28-03-2016/shoppy/web/images/shoppy.jpg]
[p.w3layouts.com/demos/28-03-2016/shoppy/web/images/login.jpg]
[p.w3layouts.com/demos/28-03-2016/shoppy/web/images/tick.png]
[p.w3layouts.com/demos/28-03-2016/shoppy/web/images/arrow.png]
[p.w3layouts.com/demos/28-03-2016/shoppy/web/images/calender.png]
[p.w3layouts.com/demos/28-03-2016/shoppy/web/images/icon.png]
[p.w3layouts.com/demos/28-03-2016/shoppy/web/images/get.jpg]
[p.w3layouts.com/demos/28-03-2016/shoppy/web/images/filter-bg.png]
[p.w3layouts.com/demos/28-03-2016/shoppy/web/css/style.css]
[p.w3layouts.com/demos/28-03-2016/shoppy/web/fonts/fontawesome-webfont3295.eot]
[p.w3layouts.com/demos/28-03-2016/shoppy/web/fonts/fontawesome-webfontd41d.eot]
[p.w3layouts.com/demos/28-03-2016/shoppy/web/fonts/fontawesome-webfont3295.woff2]
[p.w3layouts.com/demos/28-03-2016/shoppy/web/fonts/fontawesome-webfont3295.woff]
[p.w3layouts.com/demos/28-03-2016/shoppy/web/fonts/fontawesome-webfont3295.ttf]
[p.w3layouts.com/demos/28-03-2016/shoppy/web/css/font-awesome.css]
[p.w3layouts.com/demos/28-03-2016/shoppy/web/css/examples.css]
[p.w3layouts.com/demos/28-03-2016/shoppy/web/fonts/fontawesome-webfont3295.svg]
[p.w3layouts.com/images/demobar_w3_4thDec2019.css]
[p.w3layouts.com/images/W3Layouts-light.html]
[p.w3layouts.com/demos/28-03-2016/shoppy/web/js/Chart.min.js]
[cdn.jsdelivr.net/modernizr/2.8.3/modernizr.min.js]
[p.w3layouts.com/demos/28-03-2016/shoppy/web/lib/modernizr/modernizr-custom.js]
[p.w3layouts.com/demos/28-03-2016/shoppy/web/js/chartinator.js]
[p.w3layouts.com/demos/28-03-2016/shoppy/web/js/skycons.js]
[p.w3layouts.com/demos/28-03-2016/shoppy/web/index.html]
[p.w3layouts.com/demos/28-03-2016/shoppy/web/grids.html]
[p.w3layouts.com/demos/28-03-2016/shoppy/web/portlet.html]
[p.w3layouts.com/demos/28-03-2016/shoppy/web/js/bars.js]
[p.w3layouts.com/demos/28-03-2016/shoppy/web/css/demo-page.css]
[p.w3layouts.com/demos/28-03-2016/shoppy/web/buttons.html]
[p.w3layouts.com/demos/28-03-2016/shoppy/web/typography.html]
[p.w3layouts.com/demos/28-03-2016/shoppy/web/icons.html]
[p.w3layouts.com/demos/28-03-2016/shoppy/web/login.html]
[p.w3layouts.com/demos/28-03-2016/shoppy/web/signup.html]
[p.w3layouts.com/demos/28-03-2016/shoppy/web/charts.html]
[p.w3layouts.com/demos/28-03-2016/shoppy/web/inbox.html]
[p.w3layouts.com/demos/28-03-2016/shoppy/web/inbox-details.html]
[p.w3layouts.com/demos/28-03-2016/shoppy/web/css/hover.css]
[p.w3layouts.com/demos/28-03-2016/shoppy/web/images/404.png]
[p.w3layouts.com/demos/28-03-2016/shoppy/web/404.html]
[p.w3layouts.com/demos/28-03-2016/shoppy/web/blank.html]
[p.w3layouts.com/demos/28-03-2016/shoppy/web/images/pro1.jpg]
[p.w3layouts.com/demos/28-03-2016/shoppy/web/images/pro2.jpg]
[p.w3layouts.com/demos/28-03-2016/shoppy/web/images/pro3.jpg]
[p.w3layouts.com/demos/28-03-2016/shoppy/web/images/pro4.jpg]
[p.w3layouts.com/demos/28-03-2016/shoppy/web/images/pro5.jpg]
[p.w3layouts.com/demos/28-03-2016/shoppy/web/images/pro6.jpg]
[p.w3layouts.com/demos/28-03-2016/shoppy/web/images/pro7.jpg]
[p.w3layouts.com/demos/28-03-2016/shoppy/web/images/pro8.jpg]
[p.w3layouts.com/demos/28-03-2016/shoppy/web/images/pro9.jpg]
[p.w3layouts.com/demos/28-03-2016/shoppy/web/images/pro10.jpg]
[p.w3layouts.com/demos/28-03-2016/shoppy/web/images/pro12.jpg]
[p.w3layouts.com/demos/28-03-2016/shoppy/web/css/magnific-popup.css]
[p.w3layouts.com/demos/28-03-2016/shoppy/web/product.html]
[p.w3layouts.com/demos/28-03-2016/shoppy/web/js/nivo-lightbox.min.js]
[p.w3layouts.com/demos/28-03-2016/shoppy/web/price.html]
[p.w3layouts.com/demos/28-03-2016/shoppy/web/fonts/glyphicons-halflings-regular.svg]
[p.w3layouts.com/demos/28-03-2016/shoppy/web/images/arrow.html]
[p.w3layouts.com/demos/28-03-2016/shoppy/web/images/calender.html]
[p.w3layouts.com/demos/28-03-2016/shoppy/web/images/get.html]
[p.w3layouts.com/demos/28-03-2016/shoppy/web/images/filter-bg.html]
[p.w3layouts.com/demos/28-03-2016/shoppy/web/fonts/fontawesome-webfont3295.svg]
[p.w3layouts.com/demos/28-03-2016/shoppy/web/js/jquery.magnific-popup.js]
[p.w3layouts.com/assets/css/fonts/linecons/css/linecons.html]
[p.w3layouts.com/assets/css/fonts/fontawesome/css/font-awesome.min.html]
[p.w3layouts.com/assets/css/bootstrap.html]
[p.w3layouts.com/assets/css/xenon-core.html]
[p.w3layouts.com/assets/css/xenon-forms.html]
[p.w3layouts.com/assets/css/xenon-components.html]
[p.w3layouts.com/assets/css/xenon-skins.html]
[p.w3layouts.com/assets/css/custom.html]
[p.w3layouts.com/assets/js/jquery-1.11.1.min.html]
[p.w3layouts.com/assets/js/bootstrap.min.html]
[p.w3layouts.com/assets/js/TweenMax.min.html]
[p.w3layouts.com/assets/js/resizeable.html]
[p.w3layouts.com/assets/js/joinable.html]
[p.w3layouts.com/assets/js/xenon-api.html]
[p.w3layouts.com/assets/js/xenon-toggles.html]
[p.w3layouts.com/images/W3Layouts-light.html]
[p.w3layouts.com/demos/28-03-2016/shoppy/web/lib/modernizr/modernizr-custom.html]
[p.w3layouts.com/demos/28-03-2016/shoppy/web/css/demo-page.css]
[p.w3layouts.com/demos/28-03-2016/shoppy/web/css/hover.css]
[p.w3layouts.com/assets/js/xenon-custom.html]
[p.w3layouts.com/demos/28-03-2016/shoppy/web/css/loading.gif]
[p.w3layouts.com/demos/28-03-2016/shoppy/web/images/prev.png]
[p.w3layouts.com/demos/28-03-2016/shoppy/web/images/next.png]
[p.w3layouts.com/demos/28-03-2016/shoppy/web/images/close.png]
[p.w3layouts.com/demos/28-03-2016/shoppy/web/css/loading@2x.gif]
[p.w3layouts.com/demos/28-03-2016/shoppy/web/css/prev@2x.png]
[p.w3layouts.com/demos/28-03-2016/shoppy/web/css/next@2x.png]
[p.w3layouts.com/demos/28-03-2016/shoppy/web/css/close@2x.png]
[p.w3layouts.com/demos/28-03-2016/shoppy/web/css/magnific-popup.css]
[p.w3layouts.com/assets/css/fonts/linecons/css/linecons.html]
[p.w3layouts.com/assets/css/fonts/fontawesome/css/font-awesome.min.html]
[p.w3layouts.com/assets/css/bootstrap.html]
[p.w3layouts.com/assets/css/xenon-core.html]
[p.w3layouts.com/assets/css/xenon-forms.html]
[p.w3layouts.com/assets/css/xenon-components.html]
[p.w3layouts.com/assets/css/xenon-skins.html]
[p.w3layouts.com/assets/css/custom.html]
[p.w3layouts.com/assets/js/jquery-1.11.1.min.html]
[p.w3layouts.com/assets/js/bootstrap.min.html]
[p.w3layouts.com/assets/js/TweenMax.min.html]
[p.w3layouts.com/assets/js/resizeable.html]
[p.w3layouts.com/assets/js/joinable.html]
[p.w3layouts.com/assets/js/xenon-api.html]
[p.w3layouts.com/assets/js/xenon-toggles.html]
[p.w3layouts.com/assets/js/xenon-custom.html]
[p.w3layouts.com/demos/28-03-2016/shoppy/web/css/loading.html]
[p.w3layouts.com/demos/28-03-2016/shoppy/web/css/loading@2x.html]
[p.w3layouts.com/demos/28-03-2016/shoppy/web/css/prev@2x.html]
[p.w3layouts.com/demos/28-03-2016/shoppy/web/css/next@2x.html]
[p.w3layouts.com/demos/28-03-2016/shoppy/web/css/close@2x.html]
